


ARM Macro Assembler    Page 1 


    1 00000000         ;******************** (C) COPYRIGHT 2013 STMicroelectron
                       ics ********************
    2 00000000         ;* File Name          : startup_stm32f40xx.s
    3 00000000         ;* Author             : MCD Application Team
    4 00000000         ;* Version            : V1.2.0RC2
    5 00000000         ;* Date               : 20-February-2013
    6 00000000         ;* Description        : STM32F40xx/41xx devices vector t
                       able for MDK-ARM toolchain. 
    7 00000000         ;*                      This module performs:
    8 00000000         ;*                      - Set the initial SP
    9 00000000         ;*                      - Set the initial PC == Reset_Ha
                       ndler
   10 00000000         ;*                      - Set the vector table entries w
                       ith the exceptions ISR address
   11 00000000         ;*                      - Configure the system clock and
                        the external SRAM mounted on 
   12 00000000         ;*                        STM324xG-EVAL board to be used
                        as data memory (optional, 
   13 00000000         ;*                        to be enabled by user)
   14 00000000         ;*                      - Branches to __main in the C li
                       brary (which eventually
   15 00000000         ;*                        calls main()).
   16 00000000         ;*                      After Reset the CortexM4 process
                       or is in Thread mode,
   17 00000000         ;*                      priority is Privileged, and the 
                       Stack is set to Main.
   18 00000000         ;* <<< Use Configuration Wizard in Context Menu >>>   
   19 00000000         ;*******************************************************
                       ************************
   20 00000000         ; 
   21 00000000         ; Licensed under MCD-ST Liberty SW License Agreement V2,
                        (the "License");
   22 00000000         ; You may not use this file except in compliance with th
                       e License.
   23 00000000         ; You may obtain a copy of the License at:
   24 00000000         ; 
   25 00000000         ;        http://www.st.com/software_license_agreement_li
                       berty_v2
   26 00000000         ; 
   27 00000000         ; Unless required by applicable law or agreed to in writ
                       ing, software 
   28 00000000         ; distributed under the License is distributed on an "AS
                        IS" BASIS, 
   29 00000000         ; WITHOUT WARRANTIES OR CONDITIONS OF ANY KIND, either e
                       xpress or implied.
   30 00000000         ; See the License for the specific language governing pe
                       rmissions and
   31 00000000         ; limitations under the License.
   32 00000000         ; 
   33 00000000         ;*******************************************************
                       ************************
   34 00000000         
   35 00000000         ; Amount of memory (in bytes) allocated for Stack
   36 00000000         ; Tailor this value to your application needs
   37 00000000         ; <h> Stack Configuration
   38 00000000         ;   <o> Stack Size (in Bytes) <0x0-0xFFFFFFFF:8>
   39 00000000         ; </h>
   40 00000000         
   41 00000000 00000400 



ARM Macro Assembler    Page 2 


                       Stack_Size
                               EQU              0x00000400
   42 00000000         
   43 00000000                 AREA             STACK, NOINIT, READWRITE, ALIGN
=3
   44 00000000         Stack_Mem
                               SPACE            Stack_Size
   45 00000400         __initial_sp
   46 00000400         
   47 00000400         
   48 00000400         ; <h> Heap Configuration
   49 00000400         ;   <o>  Heap Size (in Bytes) <0x0-0xFFFFFFFF:8>
   50 00000400         ; </h>
   51 00000400         
   52 00000400 00000200 
                       Heap_Size
                               EQU              0x00000200
   53 00000400         
   54 00000400                 AREA             HEAP, NOINIT, READWRITE, ALIGN=
3
   55 00000000         __heap_base
   56 00000000         Heap_Mem
                               SPACE            Heap_Size
   57 00000200         __heap_limit
   58 00000200         
   59 00000200                 PRESERVE8
   60 00000200                 THUMB
   61 00000200         
   62 00000200         
   63 00000200         ; Vector Table Mapped to Address 0 at Reset
   64 00000200                 AREA             RESET, DATA, READONLY
   65 00000000                 EXPORT           __Vectors
   66 00000000                 EXPORT           __Vectors_End
   67 00000000                 EXPORT           __Vectors_Size
   68 00000000         
   69 00000000 00000000 
                       __Vectors
                               DCD              __initial_sp ; Top of Stack
   70 00000004 00000000        DCD              Reset_Handler ; Reset Handler
   71 00000008 00000000        DCD              NMI_Handler ; NMI Handler
   72 0000000C 00000000        DCD              HardFault_Handler ; Hard Fault 
                                                            Handler
   73 00000010 00000000        DCD              MemManage_Handler 
                                                            ; MPU Fault Handler
                                                            
   74 00000014 00000000        DCD              BusFault_Handler 
                                                            ; Bus Fault Handler
                                                            
   75 00000018 00000000        DCD              UsageFault_Handler ; Usage Faul
                                                            t Handler
   76 0000001C 00000000        DCD              0           ; Reserved
   77 00000020 00000000        DCD              0           ; Reserved
   78 00000024 00000000        DCD              0           ; Reserved
   79 00000028 00000000        DCD              0           ; Reserved
   80 0000002C 00000000        DCD              SVC_Handler ; SVCall Handler
   81 00000030 00000000        DCD              DebugMon_Handler ; Debug Monito
                                                            r Handler
   82 00000034 00000000        DCD              0           ; Reserved
   83 00000038 00000000        DCD              PendSV_Handler ; PendSV Handler



ARM Macro Assembler    Page 3 


                                                            
   84 0000003C 00000000        DCD              SysTick_Handler 
                                                            ; SysTick Handler
   85 00000040         
   86 00000040         ; External Interrupts
   87 00000040 00000000        DCD              WWDG_IRQHandler ; Window WatchD
                                                            og                 
                                                                               
                                                                
   88 00000044 00000000        DCD              PVD_IRQHandler ; PVD through EX
                                                            TI Line detection  
                                                                               
                                                               
   89 00000048 00000000        DCD              TAMP_STAMP_IRQHandler ; Tamper 
                                                            and TimeStamps thro
                                                            ugh the EXTI line  
                                                                      
   90 0000004C 00000000        DCD              RTC_WKUP_IRQHandler ; RTC Wakeu
                                                            p through the EXTI 
                                                            line               
                                                                    
   91 00000050 00000000        DCD              FLASH_IRQHandler ; FLASH       
                                                                               
                                                                             
   92 00000054 00000000        DCD              RCC_IRQHandler ; RCC           
                                                                               
                                                                           
   93 00000058 00000000        DCD              EXTI0_IRQHandler ; EXTI Line0  
                                                                               
                                                                               
                                                                 
   94 0000005C 00000000        DCD              EXTI1_IRQHandler ; EXTI Line1  
                                                                               
                                                                               
                                                                 
   95 00000060 00000000        DCD              EXTI2_IRQHandler ; EXTI Line2  
                                                                               
                                                                               
                                                                 
   96 00000064 00000000        DCD              EXTI3_IRQHandler ; EXTI Line3  
                                                                               
                                                                               
                                                                 
   97 00000068 00000000        DCD              EXTI4_IRQHandler ; EXTI Line4  
                                                                               
                                                                               
                                                                 
   98 0000006C 00000000        DCD              DMA1_Stream0_IRQHandler ; DMA1 
                                                            Stream 0           
                                                                               
                                                                 
   99 00000070 00000000        DCD              DMA1_Stream1_IRQHandler ; DMA1 
                                                            Stream 1           
                                                                               
                                                                 
  100 00000074 00000000        DCD              DMA1_Stream2_IRQHandler ; DMA1 
                                                            Stream 2           
                                                                               
                                                                 



ARM Macro Assembler    Page 4 


  101 00000078 00000000        DCD              DMA1_Stream3_IRQHandler ; DMA1 
                                                            Stream 3           
                                                                               
                                                                 
  102 0000007C 00000000        DCD              DMA1_Stream4_IRQHandler ; DMA1 
                                                            Stream 4           
                                                                               
                                                                 
  103 00000080 00000000        DCD              DMA1_Stream5_IRQHandler ; DMA1 
                                                            Stream 5           
                                                                               
                                                                 
  104 00000084 00000000        DCD              DMA1_Stream6_IRQHandler ; DMA1 
                                                            Stream 6           
                                                                               
                                                                 
  105 00000088 00000000        DCD              ADC_IRQHandler ; ADC1, ADC2 and
                                                             ADC3s             
                                                                           
  106 0000008C 00000000        DCD              CAN1_TX_IRQHandler ; CAN1 TX   
                                                                               
                                                                               
                                                                   
  107 00000090 00000000        DCD              CAN1_RX0_IRQHandler ; CAN1 RX0 
                                                                               
                                                                               
                                                                    
  108 00000094 00000000        DCD              CAN1_RX1_IRQHandler ; CAN1 RX1 
                                                                               
                                                                               
                                                                    
  109 00000098 00000000        DCD              CAN1_SCE_IRQHandler ; CAN1 SCE 
                                                                               
                                                                               
                                                                    
  110 0000009C 00000000        DCD              EXTI9_5_IRQHandler ; External L
                                                            ine[9:5]s          
                                                                               
                                                                   
  111 000000A0 00000000        DCD              TIM1_BRK_TIM9_IRQHandler ; TIM1
                                                             Break and TIM9    
                                                                           
  112 000000A4 00000000        DCD              TIM1_UP_TIM10_IRQHandler ; TIM1
                                                             Update and TIM10  
                                                                           
  113 000000A8 00000000        DCD              TIM1_TRG_COM_TIM11_IRQHandler ;
                                                             TIM1 Trigger and C
                                                            ommutation and TIM1
                                                            1
  114 000000AC 00000000        DCD              TIM1_CC_IRQHandler ; TIM1 Captu
                                                            re Compare         
                                                                               
                                                                   
  115 000000B0 00000000        DCD              TIM2_IRQHandler ; TIM2         
                                                                               
                                                                            
  116 000000B4 00000000        DCD              TIM3_IRQHandler ; TIM3         
                                                                               
                                                                            



ARM Macro Assembler    Page 5 


  117 000000B8 00000000        DCD              TIM4_IRQHandler ; TIM4         
                                                                               
                                                                            
  118 000000BC 00000000        DCD              I2C1_EV_IRQHandler ; I2C1 Event
                                                                               
                                                                               
                                                                   
  119 000000C0 00000000        DCD              I2C1_ER_IRQHandler ; I2C1 Error
                                                                               
                                                                               
                                                                   
  120 000000C4 00000000        DCD              I2C2_EV_IRQHandler ; I2C2 Event
                                                                               
                                                                               
                                                                   
  121 000000C8 00000000        DCD              I2C2_ER_IRQHandler ; I2C2 Error
                                                                               
                                                                               
                                                                     
  122 000000CC 00000000        DCD              SPI1_IRQHandler ; SPI1         
                                                                               
                                                                            
  123 000000D0 00000000        DCD              SPI2_IRQHandler ; SPI2         
                                                                               
                                                                            
  124 000000D4 00000000        DCD              USART1_IRQHandler ; USART1     
                                                                               
                                                                              
  125 000000D8 00000000        DCD              USART2_IRQHandler ; USART2     
                                                                               
                                                                              
  126 000000DC 00000000        DCD              USART3_IRQHandler ; USART3     
                                                                               
                                                                              
  127 000000E0 00000000        DCD              EXTI15_10_IRQHandler ; External
                                                             Line[15:10]s      
                                                                               
                                                                     
  128 000000E4 00000000        DCD              RTC_Alarm_IRQHandler ; RTC Alar
                                                            m (A and B) through
                                                             EXTI Line         
                                                                     
  129 000000E8 00000000        DCD              OTG_FS_WKUP_IRQHandler ; USB OT
                                                            G FS Wakeup through
                                                             EXTI line         
                                                                           
  130 000000EC 00000000        DCD              TIM8_BRK_TIM12_IRQHandler ; TIM
                                                            8 Break and TIM12  
                                                                            
  131 000000F0 00000000        DCD              TIM8_UP_TIM13_IRQHandler ; TIM8
                                                             Update and TIM13  
                                                                           
  132 000000F4 00000000        DCD              TIM8_TRG_COM_TIM14_IRQHandler ;
                                                             TIM8 Trigger and C
                                                            ommutation and TIM1
                                                            4
  133 000000F8 00000000        DCD              TIM8_CC_IRQHandler ; TIM8 Captu
                                                            re Compare         
                                                                               



ARM Macro Assembler    Page 6 


                                                                   
  134 000000FC 00000000        DCD              DMA1_Stream7_IRQHandler ; DMA1 
                                                            Stream7            
                                                                               
                                                                        
  135 00000100 00000000        DCD              FSMC_IRQHandler ; FSMC         
                                                                               
                                                                            
  136 00000104 00000000        DCD              SDIO_IRQHandler ; SDIO         
                                                                               
                                                                            
  137 00000108 00000000        DCD              TIM5_IRQHandler ; TIM5         
                                                                               
                                                                            
  138 0000010C 00000000        DCD              SPI3_IRQHandler ; SPI3         
                                                                               
                                                                            
  139 00000110 00000000        DCD              UART4_IRQHandler ; UART4       
                                                                               
                                                                             
  140 00000114 00000000        DCD              UART5_IRQHandler ; UART5       
                                                                               
                                                                             
  141 00000118 00000000        DCD              TIM6_DAC_IRQHandler ; TIM6 and 
                                                            DAC1&2 underrun err
                                                            ors                
                                                               
  142 0000011C 00000000        DCD              TIM7_IRQHandler ; TIM7         
                                                                      
  143 00000120 00000000        DCD              DMA2_Stream0_IRQHandler ; DMA2 
                                                            Stream 0           
                                                                               
                                                                 
  144 00000124 00000000        DCD              DMA2_Stream1_IRQHandler ; DMA2 
                                                            Stream 1           
                                                                               
                                                                 
  145 00000128 00000000        DCD              DMA2_Stream2_IRQHandler ; DMA2 
                                                            Stream 2           
                                                                               
                                                                 
  146 0000012C 00000000        DCD              DMA2_Stream3_IRQHandler ; DMA2 
                                                            Stream 3           
                                                                               
                                                                 
  147 00000130 00000000        DCD              DMA2_Stream4_IRQHandler ; DMA2 
                                                            Stream 4           
                                                                               
                                                                 
  148 00000134 00000000        DCD              ETH_IRQHandler ; Ethernet      
                                                                               
                                                                           
  149 00000138 00000000        DCD              ETH_WKUP_IRQHandler ; Ethernet 
                                                            Wakeup through EXTI
                                                             line              
                                                                    
  150 0000013C 00000000        DCD              CAN2_TX_IRQHandler ; CAN2 TX   
                                                                               
                                                                               



ARM Macro Assembler    Page 7 


                                                                   
  151 00000140 00000000        DCD              CAN2_RX0_IRQHandler ; CAN2 RX0 
                                                                               
                                                                               
                                                                    
  152 00000144 00000000        DCD              CAN2_RX1_IRQHandler ; CAN2 RX1 
                                                                               
                                                                               
                                                                    
  153 00000148 00000000        DCD              CAN2_SCE_IRQHandler ; CAN2 SCE 
                                                                               
                                                                               
                                                                    
  154 0000014C 00000000        DCD              OTG_FS_IRQHandler ; USB OTG FS 
                                                                               
                                                                              
  155 00000150 00000000        DCD              DMA2_Stream5_IRQHandler ; DMA2 
                                                            Stream 5           
                                                                               
                                                                 
  156 00000154 00000000        DCD              DMA2_Stream6_IRQHandler ; DMA2 
                                                            Stream 6           
                                                                               
                                                                 
  157 00000158 00000000        DCD              DMA2_Stream7_IRQHandler ; DMA2 
                                                            Stream 7           
                                                                               
                                                                 
  158 0000015C 00000000        DCD              USART6_IRQHandler ; USART6     
                                                                               
                                                                               
                                                            
  159 00000160 00000000        DCD              I2C3_EV_IRQHandler ; I2C3 event
                                                                               
                                                                               
                                                                   
  160 00000164 00000000        DCD              I2C3_ER_IRQHandler ; I2C3 error
                                                                               
                                                                               
                                                                   
  161 00000168 00000000        DCD              OTG_HS_EP1_OUT_IRQHandler ; USB
                                                             OTG HS End Point 1
                                                             Out               
                                                                   
  162 0000016C 00000000        DCD              OTG_HS_EP1_IN_IRQHandler ; USB 
                                                            OTG HS End Point 1 
                                                            In                 
                                                                  
  163 00000170 00000000        DCD              OTG_HS_WKUP_IRQHandler ; USB OT
                                                            G HS Wakeup through
                                                             EXTI              
                                                                       
  164 00000174 00000000        DCD              OTG_HS_IRQHandler ; USB OTG HS 
                                                                               
                                                                              
  165 00000178 00000000        DCD              DCMI_IRQHandler ; DCMI         
                                                                               
                                                                            
  166 0000017C 00000000        DCD              CRYP_IRQHandler ; CRYP crypto  



ARM Macro Assembler    Page 8 


                                                                               
                                                                            
  167 00000180 00000000        DCD              HASH_RNG_IRQHandler 
                                                            ; Hash and Rng
  168 00000184 00000000        DCD              FPU_IRQHandler ; FPU
  169 00000188         
  170 00000188         __Vectors_End
  171 00000188         
  172 00000188 00000188 
                       __Vectors_Size
                               EQU              __Vectors_End - __Vectors
  173 00000188         
  174 00000188                 AREA             |.text|, CODE, READONLY
  175 00000000         
  176 00000000         ; The following code is used to enable FPU, refered from
                        : 4.6.6 from Generic User Guide
  177 00000000         ; CPACR is located at address 0xE000ED88 LDR.W R0, =0xE0
                       00ED88
  178 00000000         ; Read CPACR
  179 00000000 6801            LDR              R1, [R0]
  180 00000002         ; Set bits 20-23 to enable CP10 and CP11 coprocessors OR
                       R R1, R1, #(0xF << 20)
  181 00000002         ; Write back the modified value to the CPACR
  182 00000002 6001            STR              R1, [R0]    ; wait for store to
                                                             complete
  183 00000004 F3BF 8F4F       DSB
  184 00000008         ;reset pipeline now the FPU is enabled 
  185 00000008 F3BF 8F6F       ISB
  186 0000000C         
  187 0000000C         ; Reset handler
  188 0000000C         Reset_Handler
                               PROC
  189 0000000C                 EXPORT           Reset_Handler             [WEAK
]
  190 0000000C         ;IMPORT  SystemInit
  191 0000000C                 IMPORT           main
  192 0000000C         ;IMPORT  lcm
  193 0000000C         ;LDR     R0, =SystemInit
  194 0000000C         ;BLX     R0
  195 0000000C 4808            LDR              R0, =main
  196 0000000E         ;LDR   R0, =lcm
  197 0000000E 4700            BX               R0
  198 00000010                 ENDP
  199 00000010         
  200 00000010         ; Dummy Exception Handlers (infinite loops which can be 
                       modified)
  201 00000010         
  202 00000010         NMI_Handler
                               PROC
  203 00000010                 EXPORT           NMI_Handler                [WEA
K]
  204 00000010 E7FE            B                .
  205 00000012                 ENDP
  207 00000012         HardFault_Handler
                               PROC
  208 00000012                 EXPORT           HardFault_Handler          [WEA
K]
  209 00000012 E7FE            B                .
  210 00000014                 ENDP



ARM Macro Assembler    Page 9 


  212 00000014         MemManage_Handler
                               PROC
  213 00000014                 EXPORT           MemManage_Handler          [WEA
K]
  214 00000014 E7FE            B                .
  215 00000016                 ENDP
  217 00000016         BusFault_Handler
                               PROC
  218 00000016                 EXPORT           BusFault_Handler           [WEA
K]
  219 00000016 E7FE            B                .
  220 00000018                 ENDP
  222 00000018         UsageFault_Handler
                               PROC
  223 00000018                 EXPORT           UsageFault_Handler         [WEA
K]
  224 00000018 E7FE            B                .
  225 0000001A                 ENDP
  226 0000001A         SVC_Handler
                               PROC
  227 0000001A                 EXPORT           SVC_Handler                [WEA
K]
  228 0000001A E7FE            B                .
  229 0000001C                 ENDP
  231 0000001C         DebugMon_Handler
                               PROC
  232 0000001C                 EXPORT           DebugMon_Handler           [WEA
K]
  233 0000001C E7FE            B                .
  234 0000001E                 ENDP
  235 0000001E         PendSV_Handler
                               PROC
  236 0000001E                 EXPORT           PendSV_Handler             [WEA
K]
  237 0000001E E7FE            B                .
  238 00000020                 ENDP
  239 00000020         SysTick_Handler
                               PROC
  240 00000020                 EXPORT           SysTick_Handler            [WEA
K]
  241 00000020 E7FE            B                .
  242 00000022                 ENDP
  243 00000022         
  244 00000022         Default_Handler
                               PROC
  245 00000022         
  246 00000022                 EXPORT           WWDG_IRQHandler                
   [WEAK]
  247 00000022                 EXPORT           PVD_IRQHandler                 
   [WEAK]
  248 00000022                 EXPORT           TAMP_STAMP_IRQHandler          
   [WEAK]
  249 00000022                 EXPORT           RTC_WKUP_IRQHandler            
   [WEAK]
  250 00000022                 EXPORT           FLASH_IRQHandler               
   [WEAK]
  251 00000022                 EXPORT           RCC_IRQHandler                 
   [WEAK]
  252 00000022                 EXPORT           EXTI0_IRQHandler               



ARM Macro Assembler    Page 10 


   [WEAK]
  253 00000022                 EXPORT           EXTI1_IRQHandler               
   [WEAK]
  254 00000022                 EXPORT           EXTI2_IRQHandler               
   [WEAK]
  255 00000022                 EXPORT           EXTI3_IRQHandler               
   [WEAK]
  256 00000022                 EXPORT           EXTI4_IRQHandler               
   [WEAK]
  257 00000022                 EXPORT           DMA1_Stream0_IRQHandler        
   [WEAK]
  258 00000022                 EXPORT           DMA1_Stream1_IRQHandler        
   [WEAK]
  259 00000022                 EXPORT           DMA1_Stream2_IRQHandler        
   [WEAK]
  260 00000022                 EXPORT           DMA1_Stream3_IRQHandler        
   [WEAK]
  261 00000022                 EXPORT           DMA1_Stream4_IRQHandler        
   [WEAK]
  262 00000022                 EXPORT           DMA1_Stream5_IRQHandler        
   [WEAK]
  263 00000022                 EXPORT           DMA1_Stream6_IRQHandler        
   [WEAK]
  264 00000022                 EXPORT           ADC_IRQHandler                 
   [WEAK]
  265 00000022                 EXPORT           CAN1_TX_IRQHandler             
   [WEAK]
  266 00000022                 EXPORT           CAN1_RX0_IRQHandler            
   [WEAK]
  267 00000022                 EXPORT           CAN1_RX1_IRQHandler            
   [WEAK]
  268 00000022                 EXPORT           CAN1_SCE_IRQHandler            
   [WEAK]
  269 00000022                 EXPORT           EXTI9_5_IRQHandler             
   [WEAK]
  270 00000022                 EXPORT           TIM1_BRK_TIM9_IRQHandler       
   [WEAK]
  271 00000022                 EXPORT           TIM1_UP_TIM10_IRQHandler       
   [WEAK]
  272 00000022                 EXPORT           TIM1_TRG_COM_TIM11_IRQHandler  
   [WEAK]
  273 00000022                 EXPORT           TIM1_CC_IRQHandler             
   [WEAK]
  274 00000022                 EXPORT           TIM2_IRQHandler                
   [WEAK]
  275 00000022                 EXPORT           TIM3_IRQHandler                
   [WEAK]
  276 00000022                 EXPORT           TIM4_IRQHandler                
   [WEAK]
  277 00000022                 EXPORT           I2C1_EV_IRQHandler             
   [WEAK]
  278 00000022                 EXPORT           I2C1_ER_IRQHandler             
   [WEAK]
  279 00000022                 EXPORT           I2C2_EV_IRQHandler             
   [WEAK]
  280 00000022                 EXPORT           I2C2_ER_IRQHandler             
   [WEAK]
  281 00000022                 EXPORT           SPI1_IRQHandler                
   [WEAK]



ARM Macro Assembler    Page 11 


  282 00000022                 EXPORT           SPI2_IRQHandler                
   [WEAK]
  283 00000022                 EXPORT           USART1_IRQHandler              
   [WEAK]
  284 00000022                 EXPORT           USART2_IRQHandler              
   [WEAK]
  285 00000022                 EXPORT           USART3_IRQHandler              
   [WEAK]
  286 00000022                 EXPORT           EXTI15_10_IRQHandler           
   [WEAK]
  287 00000022                 EXPORT           RTC_Alarm_IRQHandler           
   [WEAK]
  288 00000022                 EXPORT           OTG_FS_WKUP_IRQHandler         
   [WEAK]
  289 00000022                 EXPORT           TIM8_BRK_TIM12_IRQHandler      
   [WEAK]
  290 00000022                 EXPORT           TIM8_UP_TIM13_IRQHandler       
   [WEAK]
  291 00000022                 EXPORT           TIM8_TRG_COM_TIM14_IRQHandler  
   [WEAK]
  292 00000022                 EXPORT           TIM8_CC_IRQHandler             
   [WEAK]
  293 00000022                 EXPORT           DMA1_Stream7_IRQHandler        
   [WEAK]
  294 00000022                 EXPORT           FSMC_IRQHandler                
   [WEAK]
  295 00000022                 EXPORT           SDIO_IRQHandler                
   [WEAK]
  296 00000022                 EXPORT           TIM5_IRQHandler                
   [WEAK]
  297 00000022                 EXPORT           SPI3_IRQHandler                
   [WEAK]
  298 00000022                 EXPORT           UART4_IRQHandler               
   [WEAK]
  299 00000022                 EXPORT           UART5_IRQHandler               
   [WEAK]
  300 00000022                 EXPORT           TIM6_DAC_IRQHandler            
   [WEAK]
  301 00000022                 EXPORT           TIM7_IRQHandler                
   [WEAK]
  302 00000022                 EXPORT           DMA2_Stream0_IRQHandler        
   [WEAK]
  303 00000022                 EXPORT           DMA2_Stream1_IRQHandler        
   [WEAK]
  304 00000022                 EXPORT           DMA2_Stream2_IRQHandler        
   [WEAK]
  305 00000022                 EXPORT           DMA2_Stream3_IRQHandler        
   [WEAK]
  306 00000022                 EXPORT           DMA2_Stream4_IRQHandler        
   [WEAK]
  307 00000022                 EXPORT           ETH_IRQHandler                 
   [WEAK]
  308 00000022                 EXPORT           ETH_WKUP_IRQHandler            
   [WEAK]
  309 00000022                 EXPORT           CAN2_TX_IRQHandler             
   [WEAK]
  310 00000022                 EXPORT           CAN2_RX0_IRQHandler            
   [WEAK]
  311 00000022                 EXPORT           CAN2_RX1_IRQHandler            



ARM Macro Assembler    Page 12 


   [WEAK]
  312 00000022                 EXPORT           CAN2_SCE_IRQHandler            
   [WEAK]
  313 00000022                 EXPORT           OTG_FS_IRQHandler              
   [WEAK]
  314 00000022                 EXPORT           DMA2_Stream5_IRQHandler        
   [WEAK]
  315 00000022                 EXPORT           DMA2_Stream6_IRQHandler        
   [WEAK]
  316 00000022                 EXPORT           DMA2_Stream7_IRQHandler        
   [WEAK]
  317 00000022                 EXPORT           USART6_IRQHandler              
   [WEAK]
  318 00000022                 EXPORT           I2C3_EV_IRQHandler             
   [WEAK]
  319 00000022                 EXPORT           I2C3_ER_IRQHandler             
   [WEAK]
  320 00000022                 EXPORT           OTG_HS_EP1_OUT_IRQHandler      
   [WEAK]
  321 00000022                 EXPORT           OTG_HS_EP1_IN_IRQHandler       
   [WEAK]
  322 00000022                 EXPORT           OTG_HS_WKUP_IRQHandler         
   [WEAK]
  323 00000022                 EXPORT           OTG_HS_IRQHandler              
   [WEAK]
  324 00000022                 EXPORT           DCMI_IRQHandler                
   [WEAK]
  325 00000022                 EXPORT           CRYP_IRQHandler                
   [WEAK]
  326 00000022                 EXPORT           HASH_RNG_IRQHandler            
   [WEAK]
  327 00000022                 EXPORT           FPU_IRQHandler                 
   [WEAK]
  328 00000022         
  329 00000022         WWDG_IRQHandler
  330 00000022         PVD_IRQHandler
  331 00000022         TAMP_STAMP_IRQHandler
  332 00000022         RTC_WKUP_IRQHandler
  333 00000022         FLASH_IRQHandler
  334 00000022         RCC_IRQHandler
  335 00000022         EXTI0_IRQHandler
  336 00000022         EXTI1_IRQHandler
  337 00000022         EXTI2_IRQHandler
  338 00000022         EXTI3_IRQHandler
  339 00000022         EXTI4_IRQHandler
  340 00000022         DMA1_Stream0_IRQHandler
  341 00000022         DMA1_Stream1_IRQHandler
  342 00000022         DMA1_Stream2_IRQHandler
  343 00000022         DMA1_Stream3_IRQHandler
  344 00000022         DMA1_Stream4_IRQHandler
  345 00000022         DMA1_Stream5_IRQHandler
  346 00000022         DMA1_Stream6_IRQHandler
  347 00000022         ADC_IRQHandler
  348 00000022         CAN1_TX_IRQHandler
  349 00000022         CAN1_RX0_IRQHandler
  350 00000022         CAN1_RX1_IRQHandler
  351 00000022         CAN1_SCE_IRQHandler
  352 00000022         EXTI9_5_IRQHandler
  353 00000022         TIM1_BRK_TIM9_IRQHandler



ARM Macro Assembler    Page 13 


  354 00000022         TIM1_UP_TIM10_IRQHandler
  355 00000022         TIM1_TRG_COM_TIM11_IRQHandler
  356 00000022         TIM1_CC_IRQHandler
  357 00000022         TIM2_IRQHandler
  358 00000022         TIM3_IRQHandler
  359 00000022         TIM4_IRQHandler
  360 00000022         I2C1_EV_IRQHandler
  361 00000022         I2C1_ER_IRQHandler
  362 00000022         I2C2_EV_IRQHandler
  363 00000022         I2C2_ER_IRQHandler
  364 00000022         SPI1_IRQHandler
  365 00000022         SPI2_IRQHandler
  366 00000022         USART1_IRQHandler
  367 00000022         USART2_IRQHandler
  368 00000022         USART3_IRQHandler
  369 00000022         EXTI15_10_IRQHandler
  370 00000022         RTC_Alarm_IRQHandler
  371 00000022         OTG_FS_WKUP_IRQHandler
  372 00000022         TIM8_BRK_TIM12_IRQHandler
  373 00000022         TIM8_UP_TIM13_IRQHandler
  374 00000022         TIM8_TRG_COM_TIM14_IRQHandler
  375 00000022         TIM8_CC_IRQHandler
  376 00000022         DMA1_Stream7_IRQHandler
  377 00000022         FSMC_IRQHandler
  378 00000022         SDIO_IRQHandler
  379 00000022         TIM5_IRQHandler
  380 00000022         SPI3_IRQHandler
  381 00000022         UART4_IRQHandler
  382 00000022         UART5_IRQHandler
  383 00000022         TIM6_DAC_IRQHandler
  384 00000022         TIM7_IRQHandler
  385 00000022         DMA2_Stream0_IRQHandler
  386 00000022         DMA2_Stream1_IRQHandler
  387 00000022         DMA2_Stream2_IRQHandler
  388 00000022         DMA2_Stream3_IRQHandler
  389 00000022         DMA2_Stream4_IRQHandler
  390 00000022         ETH_IRQHandler
  391 00000022         ETH_WKUP_IRQHandler
  392 00000022         CAN2_TX_IRQHandler
  393 00000022         CAN2_RX0_IRQHandler
  394 00000022         CAN2_RX1_IRQHandler
  395 00000022         CAN2_SCE_IRQHandler
  396 00000022         OTG_FS_IRQHandler
  397 00000022         DMA2_Stream5_IRQHandler
  398 00000022         DMA2_Stream6_IRQHandler
  399 00000022         DMA2_Stream7_IRQHandler
  400 00000022         USART6_IRQHandler
  401 00000022         I2C3_EV_IRQHandler
  402 00000022         I2C3_ER_IRQHandler
  403 00000022         OTG_HS_EP1_OUT_IRQHandler
  404 00000022         OTG_HS_EP1_IN_IRQHandler
  405 00000022         OTG_HS_WKUP_IRQHandler
  406 00000022         OTG_HS_IRQHandler
  407 00000022         DCMI_IRQHandler
  408 00000022         CRYP_IRQHandler
  409 00000022         HASH_RNG_IRQHandler
  410 00000022         FPU_IRQHandler
  411 00000022         
  412 00000022 E7FE            B                .



ARM Macro Assembler    Page 14 


  413 00000024         
  414 00000024                 ENDP
  415 00000024         
  416 00000024                 ALIGN
  417 00000024         
  418 00000024         ;*******************************************************
                       ************************
  419 00000024         ; User Stack and Heap initialization
  420 00000024         ;*******************************************************
                       ************************
  421 00000024                 IF               :DEF:__MICROLIB
  428 00000024         
  429 00000024                 IMPORT           __use_two_region_memory
  430 00000024                 EXPORT           __user_initial_stackheap
  431 00000024         
  432 00000024         __user_initial_stackheap
  433 00000024         
  434 00000024 4803            LDR              R0, =  Heap_Mem
  435 00000026 4904            LDR              R1, =(Stack_Mem + Stack_Size)
  436 00000028 4A04            LDR              R2, = (Heap_Mem +  Heap_Size)
  437 0000002A 4B05            LDR              R3, = Stack_Mem
  438 0000002C 4770            BX               LR
  439 0000002E         
  440 0000002E 00 00           ALIGN
  441 00000030         
  442 00000030                 ENDIF
  443 00000030         
  444 00000030                 END
              00000000 
              00000000 
              00000400 
              00000200 
              00000000 
Command Line: --debug --xref --cpu=Cortex-M4.fp --apcs=interwork --depend=.\obj
\startup_stm32f40xx.d -o.\obj\startup_stm32f40xx.o -I"C:\Program Files\Keil\ARM
\RV31\INC" -I"C:\Program Files\Keil\ARM\CMSIS\Include" -I"C:\Program Files\Keil
\ARM\Inc\ST\STM32F4xx" --predefine="__EVAL SETA 1" --list=.\lst\startup_stm32f4
0xx.lst src\startup_stm32f40xx.s



ARM Macro Assembler    Page 1 Alphabetic symbol ordering
Relocatable symbols

STACK 00000000

Symbol: STACK
   Definitions
      At line 43 in file src\startup_stm32f40xx.s
   Uses
      None
Comment: STACK unused
Stack_Mem 00000000

Symbol: Stack_Mem
   Definitions
      At line 44 in file src\startup_stm32f40xx.s
   Uses
      At line 435 in file src\startup_stm32f40xx.s
      At line 437 in file src\startup_stm32f40xx.s

__initial_sp 00000400

Symbol: __initial_sp
   Definitions
      At line 45 in file src\startup_stm32f40xx.s
   Uses
      At line 69 in file src\startup_stm32f40xx.s
Comment: __initial_sp used once
3 symbols



ARM Macro Assembler    Page 1 Alphabetic symbol ordering
Relocatable symbols

HEAP 00000000

Symbol: HEAP
   Definitions
      At line 54 in file src\startup_stm32f40xx.s
   Uses
      None
Comment: HEAP unused
Heap_Mem 00000000

Symbol: Heap_Mem
   Definitions
      At line 56 in file src\startup_stm32f40xx.s
   Uses
      At line 434 in file src\startup_stm32f40xx.s
      At line 436 in file src\startup_stm32f40xx.s

__heap_base 00000000

Symbol: __heap_base
   Definitions
      At line 55 in file src\startup_stm32f40xx.s
   Uses
      None
Comment: __heap_base unused
__heap_limit 00000200

Symbol: __heap_limit
   Definitions
      At line 57 in file src\startup_stm32f40xx.s
   Uses
      None
Comment: __heap_limit unused
4 symbols



ARM Macro Assembler    Page 1 Alphabetic symbol ordering
Relocatable symbols

RESET 00000000

Symbol: RESET
   Definitions
      At line 64 in file src\startup_stm32f40xx.s
   Uses
      None
Comment: RESET unused
__Vectors 00000000

Symbol: __Vectors
   Definitions
      At line 69 in file src\startup_stm32f40xx.s
   Uses
      At line 65 in file src\startup_stm32f40xx.s
      At line 172 in file src\startup_stm32f40xx.s

__Vectors_End 00000188

Symbol: __Vectors_End
   Definitions
      At line 170 in file src\startup_stm32f40xx.s
   Uses
      At line 66 in file src\startup_stm32f40xx.s
      At line 172 in file src\startup_stm32f40xx.s

3 symbols



ARM Macro Assembler    Page 1 Alphabetic symbol ordering
Relocatable symbols

.text 00000000

Symbol: .text
   Definitions
      At line 174 in file src\startup_stm32f40xx.s
   Uses
      None
Comment: .text unused
ADC_IRQHandler 00000022

Symbol: ADC_IRQHandler
   Definitions
      At line 347 in file src\startup_stm32f40xx.s
   Uses
      At line 105 in file src\startup_stm32f40xx.s
      At line 264 in file src\startup_stm32f40xx.s

BusFault_Handler 00000016

Symbol: BusFault_Handler
   Definitions
      At line 217 in file src\startup_stm32f40xx.s
   Uses
      At line 74 in file src\startup_stm32f40xx.s
      At line 218 in file src\startup_stm32f40xx.s

CAN1_RX0_IRQHandler 00000022

Symbol: CAN1_RX0_IRQHandler
   Definitions
      At line 349 in file src\startup_stm32f40xx.s
   Uses
      At line 107 in file src\startup_stm32f40xx.s
      At line 266 in file src\startup_stm32f40xx.s

CAN1_RX1_IRQHandler 00000022

Symbol: CAN1_RX1_IRQHandler
   Definitions
      At line 350 in file src\startup_stm32f40xx.s
   Uses
      At line 108 in file src\startup_stm32f40xx.s
      At line 267 in file src\startup_stm32f40xx.s

CAN1_SCE_IRQHandler 00000022

Symbol: CAN1_SCE_IRQHandler
   Definitions
      At line 351 in file src\startup_stm32f40xx.s
   Uses
      At line 109 in file src\startup_stm32f40xx.s
      At line 268 in file src\startup_stm32f40xx.s

CAN1_TX_IRQHandler 00000022

Symbol: CAN1_TX_IRQHandler
   Definitions
      At line 348 in file src\startup_stm32f40xx.s
   Uses



ARM Macro Assembler    Page 2 Alphabetic symbol ordering
Relocatable symbols

      At line 106 in file src\startup_stm32f40xx.s
      At line 265 in file src\startup_stm32f40xx.s

CAN2_RX0_IRQHandler 00000022

Symbol: CAN2_RX0_IRQHandler
   Definitions
      At line 393 in file src\startup_stm32f40xx.s
   Uses
      At line 151 in file src\startup_stm32f40xx.s
      At line 310 in file src\startup_stm32f40xx.s

CAN2_RX1_IRQHandler 00000022

Symbol: CAN2_RX1_IRQHandler
   Definitions
      At line 394 in file src\startup_stm32f40xx.s
   Uses
      At line 152 in file src\startup_stm32f40xx.s
      At line 311 in file src\startup_stm32f40xx.s

CAN2_SCE_IRQHandler 00000022

Symbol: CAN2_SCE_IRQHandler
   Definitions
      At line 395 in file src\startup_stm32f40xx.s
   Uses
      At line 153 in file src\startup_stm32f40xx.s
      At line 312 in file src\startup_stm32f40xx.s

CAN2_TX_IRQHandler 00000022

Symbol: CAN2_TX_IRQHandler
   Definitions
      At line 392 in file src\startup_stm32f40xx.s
   Uses
      At line 150 in file src\startup_stm32f40xx.s
      At line 309 in file src\startup_stm32f40xx.s

CRYP_IRQHandler 00000022

Symbol: CRYP_IRQHandler
   Definitions
      At line 408 in file src\startup_stm32f40xx.s
   Uses
      At line 166 in file src\startup_stm32f40xx.s
      At line 325 in file src\startup_stm32f40xx.s

DCMI_IRQHandler 00000022

Symbol: DCMI_IRQHandler
   Definitions
      At line 407 in file src\startup_stm32f40xx.s
   Uses
      At line 165 in file src\startup_stm32f40xx.s
      At line 324 in file src\startup_stm32f40xx.s

DMA1_Stream0_IRQHandler 00000022




ARM Macro Assembler    Page 3 Alphabetic symbol ordering
Relocatable symbols

Symbol: DMA1_Stream0_IRQHandler
   Definitions
      At line 340 in file src\startup_stm32f40xx.s
   Uses
      At line 98 in file src\startup_stm32f40xx.s
      At line 257 in file src\startup_stm32f40xx.s

DMA1_Stream1_IRQHandler 00000022

Symbol: DMA1_Stream1_IRQHandler
   Definitions
      At line 341 in file src\startup_stm32f40xx.s
   Uses
      At line 99 in file src\startup_stm32f40xx.s
      At line 258 in file src\startup_stm32f40xx.s

DMA1_Stream2_IRQHandler 00000022

Symbol: DMA1_Stream2_IRQHandler
   Definitions
      At line 342 in file src\startup_stm32f40xx.s
   Uses
      At line 100 in file src\startup_stm32f40xx.s
      At line 259 in file src\startup_stm32f40xx.s

DMA1_Stream3_IRQHandler 00000022

Symbol: DMA1_Stream3_IRQHandler
   Definitions
      At line 343 in file src\startup_stm32f40xx.s
   Uses
      At line 101 in file src\startup_stm32f40xx.s
      At line 260 in file src\startup_stm32f40xx.s

DMA1_Stream4_IRQHandler 00000022

Symbol: DMA1_Stream4_IRQHandler
   Definitions
      At line 344 in file src\startup_stm32f40xx.s
   Uses
      At line 102 in file src\startup_stm32f40xx.s
      At line 261 in file src\startup_stm32f40xx.s

DMA1_Stream5_IRQHandler 00000022

Symbol: DMA1_Stream5_IRQHandler
   Definitions
      At line 345 in file src\startup_stm32f40xx.s
   Uses
      At line 103 in file src\startup_stm32f40xx.s
      At line 262 in file src\startup_stm32f40xx.s

DMA1_Stream6_IRQHandler 00000022

Symbol: DMA1_Stream6_IRQHandler
   Definitions
      At line 346 in file src\startup_stm32f40xx.s
   Uses
      At line 104 in file src\startup_stm32f40xx.s



ARM Macro Assembler    Page 4 Alphabetic symbol ordering
Relocatable symbols

      At line 263 in file src\startup_stm32f40xx.s

DMA1_Stream7_IRQHandler 00000022

Symbol: DMA1_Stream7_IRQHandler
   Definitions
      At line 376 in file src\startup_stm32f40xx.s
   Uses
      At line 134 in file src\startup_stm32f40xx.s
      At line 293 in file src\startup_stm32f40xx.s

DMA2_Stream0_IRQHandler 00000022

Symbol: DMA2_Stream0_IRQHandler
   Definitions
      At line 385 in file src\startup_stm32f40xx.s
   Uses
      At line 143 in file src\startup_stm32f40xx.s
      At line 302 in file src\startup_stm32f40xx.s

DMA2_Stream1_IRQHandler 00000022

Symbol: DMA2_Stream1_IRQHandler
   Definitions
      At line 386 in file src\startup_stm32f40xx.s
   Uses
      At line 144 in file src\startup_stm32f40xx.s
      At line 303 in file src\startup_stm32f40xx.s

DMA2_Stream2_IRQHandler 00000022

Symbol: DMA2_Stream2_IRQHandler
   Definitions
      At line 387 in file src\startup_stm32f40xx.s
   Uses
      At line 145 in file src\startup_stm32f40xx.s
      At line 304 in file src\startup_stm32f40xx.s

DMA2_Stream3_IRQHandler 00000022

Symbol: DMA2_Stream3_IRQHandler
   Definitions
      At line 388 in file src\startup_stm32f40xx.s
   Uses
      At line 146 in file src\startup_stm32f40xx.s
      At line 305 in file src\startup_stm32f40xx.s

DMA2_Stream4_IRQHandler 00000022

Symbol: DMA2_Stream4_IRQHandler
   Definitions
      At line 389 in file src\startup_stm32f40xx.s
   Uses
      At line 147 in file src\startup_stm32f40xx.s
      At line 306 in file src\startup_stm32f40xx.s

DMA2_Stream5_IRQHandler 00000022

Symbol: DMA2_Stream5_IRQHandler



ARM Macro Assembler    Page 5 Alphabetic symbol ordering
Relocatable symbols

   Definitions
      At line 397 in file src\startup_stm32f40xx.s
   Uses
      At line 155 in file src\startup_stm32f40xx.s
      At line 314 in file src\startup_stm32f40xx.s

DMA2_Stream6_IRQHandler 00000022

Symbol: DMA2_Stream6_IRQHandler
   Definitions
      At line 398 in file src\startup_stm32f40xx.s
   Uses
      At line 156 in file src\startup_stm32f40xx.s
      At line 315 in file src\startup_stm32f40xx.s

DMA2_Stream7_IRQHandler 00000022

Symbol: DMA2_Stream7_IRQHandler
   Definitions
      At line 399 in file src\startup_stm32f40xx.s
   Uses
      At line 157 in file src\startup_stm32f40xx.s
      At line 316 in file src\startup_stm32f40xx.s

DebugMon_Handler 0000001C

Symbol: DebugMon_Handler
   Definitions
      At line 231 in file src\startup_stm32f40xx.s
   Uses
      At line 81 in file src\startup_stm32f40xx.s
      At line 232 in file src\startup_stm32f40xx.s

Default_Handler 00000022

Symbol: Default_Handler
   Definitions
      At line 244 in file src\startup_stm32f40xx.s
   Uses
      None
Comment: Default_Handler unused
ETH_IRQHandler 00000022

Symbol: ETH_IRQHandler
   Definitions
      At line 390 in file src\startup_stm32f40xx.s
   Uses
      At line 148 in file src\startup_stm32f40xx.s
      At line 307 in file src\startup_stm32f40xx.s

ETH_WKUP_IRQHandler 00000022

Symbol: ETH_WKUP_IRQHandler
   Definitions
      At line 391 in file src\startup_stm32f40xx.s
   Uses
      At line 149 in file src\startup_stm32f40xx.s
      At line 308 in file src\startup_stm32f40xx.s




ARM Macro Assembler    Page 6 Alphabetic symbol ordering
Relocatable symbols

EXTI0_IRQHandler 00000022

Symbol: EXTI0_IRQHandler
   Definitions
      At line 335 in file src\startup_stm32f40xx.s
   Uses
      At line 93 in file src\startup_stm32f40xx.s
      At line 252 in file src\startup_stm32f40xx.s

EXTI15_10_IRQHandler 00000022

Symbol: EXTI15_10_IRQHandler
   Definitions
      At line 369 in file src\startup_stm32f40xx.s
   Uses
      At line 127 in file src\startup_stm32f40xx.s
      At line 286 in file src\startup_stm32f40xx.s

EXTI1_IRQHandler 00000022

Symbol: EXTI1_IRQHandler
   Definitions
      At line 336 in file src\startup_stm32f40xx.s
   Uses
      At line 94 in file src\startup_stm32f40xx.s
      At line 253 in file src\startup_stm32f40xx.s

EXTI2_IRQHandler 00000022

Symbol: EXTI2_IRQHandler
   Definitions
      At line 337 in file src\startup_stm32f40xx.s
   Uses
      At line 95 in file src\startup_stm32f40xx.s
      At line 254 in file src\startup_stm32f40xx.s

EXTI3_IRQHandler 00000022

Symbol: EXTI3_IRQHandler
   Definitions
      At line 338 in file src\startup_stm32f40xx.s
   Uses
      At line 96 in file src\startup_stm32f40xx.s
      At line 255 in file src\startup_stm32f40xx.s

EXTI4_IRQHandler 00000022

Symbol: EXTI4_IRQHandler
   Definitions
      At line 339 in file src\startup_stm32f40xx.s
   Uses
      At line 97 in file src\startup_stm32f40xx.s
      At line 256 in file src\startup_stm32f40xx.s

EXTI9_5_IRQHandler 00000022

Symbol: EXTI9_5_IRQHandler
   Definitions
      At line 352 in file src\startup_stm32f40xx.s



ARM Macro Assembler    Page 7 Alphabetic symbol ordering
Relocatable symbols

   Uses
      At line 110 in file src\startup_stm32f40xx.s
      At line 269 in file src\startup_stm32f40xx.s

FLASH_IRQHandler 00000022

Symbol: FLASH_IRQHandler
   Definitions
      At line 333 in file src\startup_stm32f40xx.s
   Uses
      At line 91 in file src\startup_stm32f40xx.s
      At line 250 in file src\startup_stm32f40xx.s

FPU_IRQHandler 00000022

Symbol: FPU_IRQHandler
   Definitions
      At line 410 in file src\startup_stm32f40xx.s
   Uses
      At line 168 in file src\startup_stm32f40xx.s
      At line 327 in file src\startup_stm32f40xx.s

FSMC_IRQHandler 00000022

Symbol: FSMC_IRQHandler
   Definitions
      At line 377 in file src\startup_stm32f40xx.s
   Uses
      At line 135 in file src\startup_stm32f40xx.s
      At line 294 in file src\startup_stm32f40xx.s

HASH_RNG_IRQHandler 00000022

Symbol: HASH_RNG_IRQHandler
   Definitions
      At line 409 in file src\startup_stm32f40xx.s
   Uses
      At line 167 in file src\startup_stm32f40xx.s
      At line 326 in file src\startup_stm32f40xx.s

HardFault_Handler 00000012

Symbol: HardFault_Handler
   Definitions
      At line 207 in file src\startup_stm32f40xx.s
   Uses
      At line 72 in file src\startup_stm32f40xx.s
      At line 208 in file src\startup_stm32f40xx.s

I2C1_ER_IRQHandler 00000022

Symbol: I2C1_ER_IRQHandler
   Definitions
      At line 361 in file src\startup_stm32f40xx.s
   Uses
      At line 119 in file src\startup_stm32f40xx.s
      At line 278 in file src\startup_stm32f40xx.s

I2C1_EV_IRQHandler 00000022



ARM Macro Assembler    Page 8 Alphabetic symbol ordering
Relocatable symbols


Symbol: I2C1_EV_IRQHandler
   Definitions
      At line 360 in file src\startup_stm32f40xx.s
   Uses
      At line 118 in file src\startup_stm32f40xx.s
      At line 277 in file src\startup_stm32f40xx.s

I2C2_ER_IRQHandler 00000022

Symbol: I2C2_ER_IRQHandler
   Definitions
      At line 363 in file src\startup_stm32f40xx.s
   Uses
      At line 121 in file src\startup_stm32f40xx.s
      At line 280 in file src\startup_stm32f40xx.s

I2C2_EV_IRQHandler 00000022

Symbol: I2C2_EV_IRQHandler
   Definitions
      At line 362 in file src\startup_stm32f40xx.s
   Uses
      At line 120 in file src\startup_stm32f40xx.s
      At line 279 in file src\startup_stm32f40xx.s

I2C3_ER_IRQHandler 00000022

Symbol: I2C3_ER_IRQHandler
   Definitions
      At line 402 in file src\startup_stm32f40xx.s
   Uses
      At line 160 in file src\startup_stm32f40xx.s
      At line 319 in file src\startup_stm32f40xx.s

I2C3_EV_IRQHandler 00000022

Symbol: I2C3_EV_IRQHandler
   Definitions
      At line 401 in file src\startup_stm32f40xx.s
   Uses
      At line 159 in file src\startup_stm32f40xx.s
      At line 318 in file src\startup_stm32f40xx.s

MemManage_Handler 00000014

Symbol: MemManage_Handler
   Definitions
      At line 212 in file src\startup_stm32f40xx.s
   Uses
      At line 73 in file src\startup_stm32f40xx.s
      At line 213 in file src\startup_stm32f40xx.s

NMI_Handler 00000010

Symbol: NMI_Handler
   Definitions
      At line 202 in file src\startup_stm32f40xx.s
   Uses



ARM Macro Assembler    Page 9 Alphabetic symbol ordering
Relocatable symbols

      At line 71 in file src\startup_stm32f40xx.s
      At line 203 in file src\startup_stm32f40xx.s

OTG_FS_IRQHandler 00000022

Symbol: OTG_FS_IRQHandler
   Definitions
      At line 396 in file src\startup_stm32f40xx.s
   Uses
      At line 154 in file src\startup_stm32f40xx.s
      At line 313 in file src\startup_stm32f40xx.s

OTG_FS_WKUP_IRQHandler 00000022

Symbol: OTG_FS_WKUP_IRQHandler
   Definitions
      At line 371 in file src\startup_stm32f40xx.s
   Uses
      At line 129 in file src\startup_stm32f40xx.s
      At line 288 in file src\startup_stm32f40xx.s

OTG_HS_EP1_IN_IRQHandler 00000022

Symbol: OTG_HS_EP1_IN_IRQHandler
   Definitions
      At line 404 in file src\startup_stm32f40xx.s
   Uses
      At line 162 in file src\startup_stm32f40xx.s
      At line 321 in file src\startup_stm32f40xx.s

OTG_HS_EP1_OUT_IRQHandler 00000022

Symbol: OTG_HS_EP1_OUT_IRQHandler
   Definitions
      At line 403 in file src\startup_stm32f40xx.s
   Uses
      At line 161 in file src\startup_stm32f40xx.s
      At line 320 in file src\startup_stm32f40xx.s

OTG_HS_IRQHandler 00000022

Symbol: OTG_HS_IRQHandler
   Definitions
      At line 406 in file src\startup_stm32f40xx.s
   Uses
      At line 164 in file src\startup_stm32f40xx.s
      At line 323 in file src\startup_stm32f40xx.s

OTG_HS_WKUP_IRQHandler 00000022

Symbol: OTG_HS_WKUP_IRQHandler
   Definitions
      At line 405 in file src\startup_stm32f40xx.s
   Uses
      At line 163 in file src\startup_stm32f40xx.s
      At line 322 in file src\startup_stm32f40xx.s

PVD_IRQHandler 00000022




ARM Macro Assembler    Page 10 Alphabetic symbol ordering
Relocatable symbols

Symbol: PVD_IRQHandler
   Definitions
      At line 330 in file src\startup_stm32f40xx.s
   Uses
      At line 88 in file src\startup_stm32f40xx.s
      At line 247 in file src\startup_stm32f40xx.s

PendSV_Handler 0000001E

Symbol: PendSV_Handler
   Definitions
      At line 235 in file src\startup_stm32f40xx.s
   Uses
      At line 83 in file src\startup_stm32f40xx.s
      At line 236 in file src\startup_stm32f40xx.s

RCC_IRQHandler 00000022

Symbol: RCC_IRQHandler
   Definitions
      At line 334 in file src\startup_stm32f40xx.s
   Uses
      At line 92 in file src\startup_stm32f40xx.s
      At line 251 in file src\startup_stm32f40xx.s

RTC_Alarm_IRQHandler 00000022

Symbol: RTC_Alarm_IRQHandler
   Definitions
      At line 370 in file src\startup_stm32f40xx.s
   Uses
      At line 128 in file src\startup_stm32f40xx.s
      At line 287 in file src\startup_stm32f40xx.s

RTC_WKUP_IRQHandler 00000022

Symbol: RTC_WKUP_IRQHandler
   Definitions
      At line 332 in file src\startup_stm32f40xx.s
   Uses
      At line 90 in file src\startup_stm32f40xx.s
      At line 249 in file src\startup_stm32f40xx.s

Reset_Handler 0000000C

Symbol: Reset_Handler
   Definitions
      At line 188 in file src\startup_stm32f40xx.s
   Uses
      At line 70 in file src\startup_stm32f40xx.s
      At line 189 in file src\startup_stm32f40xx.s

SDIO_IRQHandler 00000022

Symbol: SDIO_IRQHandler
   Definitions
      At line 378 in file src\startup_stm32f40xx.s
   Uses
      At line 136 in file src\startup_stm32f40xx.s



ARM Macro Assembler    Page 11 Alphabetic symbol ordering
Relocatable symbols

      At line 295 in file src\startup_stm32f40xx.s

SPI1_IRQHandler 00000022

Symbol: SPI1_IRQHandler
   Definitions
      At line 364 in file src\startup_stm32f40xx.s
   Uses
      At line 122 in file src\startup_stm32f40xx.s
      At line 281 in file src\startup_stm32f40xx.s

SPI2_IRQHandler 00000022

Symbol: SPI2_IRQHandler
   Definitions
      At line 365 in file src\startup_stm32f40xx.s
   Uses
      At line 123 in file src\startup_stm32f40xx.s
      At line 282 in file src\startup_stm32f40xx.s

SPI3_IRQHandler 00000022

Symbol: SPI3_IRQHandler
   Definitions
      At line 380 in file src\startup_stm32f40xx.s
   Uses
      At line 138 in file src\startup_stm32f40xx.s
      At line 297 in file src\startup_stm32f40xx.s

SVC_Handler 0000001A

Symbol: SVC_Handler
   Definitions
      At line 226 in file src\startup_stm32f40xx.s
   Uses
      At line 80 in file src\startup_stm32f40xx.s
      At line 227 in file src\startup_stm32f40xx.s

SysTick_Handler 00000020

Symbol: SysTick_Handler
   Definitions
      At line 239 in file src\startup_stm32f40xx.s
   Uses
      At line 84 in file src\startup_stm32f40xx.s
      At line 240 in file src\startup_stm32f40xx.s

TAMP_STAMP_IRQHandler 00000022

Symbol: TAMP_STAMP_IRQHandler
   Definitions
      At line 331 in file src\startup_stm32f40xx.s
   Uses
      At line 89 in file src\startup_stm32f40xx.s
      At line 248 in file src\startup_stm32f40xx.s

TIM1_BRK_TIM9_IRQHandler 00000022

Symbol: TIM1_BRK_TIM9_IRQHandler



ARM Macro Assembler    Page 12 Alphabetic symbol ordering
Relocatable symbols

   Definitions
      At line 353 in file src\startup_stm32f40xx.s
   Uses
      At line 111 in file src\startup_stm32f40xx.s
      At line 270 in file src\startup_stm32f40xx.s

TIM1_CC_IRQHandler 00000022

Symbol: TIM1_CC_IRQHandler
   Definitions
      At line 356 in file src\startup_stm32f40xx.s
   Uses
      At line 114 in file src\startup_stm32f40xx.s
      At line 273 in file src\startup_stm32f40xx.s

TIM1_TRG_COM_TIM11_IRQHandler 00000022

Symbol: TIM1_TRG_COM_TIM11_IRQHandler
   Definitions
      At line 355 in file src\startup_stm32f40xx.s
   Uses
      At line 113 in file src\startup_stm32f40xx.s
      At line 272 in file src\startup_stm32f40xx.s

TIM1_UP_TIM10_IRQHandler 00000022

Symbol: TIM1_UP_TIM10_IRQHandler
   Definitions
      At line 354 in file src\startup_stm32f40xx.s
   Uses
      At line 112 in file src\startup_stm32f40xx.s
      At line 271 in file src\startup_stm32f40xx.s

TIM2_IRQHandler 00000022

Symbol: TIM2_IRQHandler
   Definitions
      At line 357 in file src\startup_stm32f40xx.s
   Uses
      At line 115 in file src\startup_stm32f40xx.s
      At line 274 in file src\startup_stm32f40xx.s

TIM3_IRQHandler 00000022

Symbol: TIM3_IRQHandler
   Definitions
      At line 358 in file src\startup_stm32f40xx.s
   Uses
      At line 116 in file src\startup_stm32f40xx.s
      At line 275 in file src\startup_stm32f40xx.s

TIM4_IRQHandler 00000022

Symbol: TIM4_IRQHandler
   Definitions
      At line 359 in file src\startup_stm32f40xx.s
   Uses
      At line 117 in file src\startup_stm32f40xx.s
      At line 276 in file src\startup_stm32f40xx.s



ARM Macro Assembler    Page 13 Alphabetic symbol ordering
Relocatable symbols


TIM5_IRQHandler 00000022

Symbol: TIM5_IRQHandler
   Definitions
      At line 379 in file src\startup_stm32f40xx.s
   Uses
      At line 137 in file src\startup_stm32f40xx.s
      At line 296 in file src\startup_stm32f40xx.s

TIM6_DAC_IRQHandler 00000022

Symbol: TIM6_DAC_IRQHandler
   Definitions
      At line 383 in file src\startup_stm32f40xx.s
   Uses
      At line 141 in file src\startup_stm32f40xx.s
      At line 300 in file src\startup_stm32f40xx.s

TIM7_IRQHandler 00000022

Symbol: TIM7_IRQHandler
   Definitions
      At line 384 in file src\startup_stm32f40xx.s
   Uses
      At line 142 in file src\startup_stm32f40xx.s
      At line 301 in file src\startup_stm32f40xx.s

TIM8_BRK_TIM12_IRQHandler 00000022

Symbol: TIM8_BRK_TIM12_IRQHandler
   Definitions
      At line 372 in file src\startup_stm32f40xx.s
   Uses
      At line 130 in file src\startup_stm32f40xx.s
      At line 289 in file src\startup_stm32f40xx.s

TIM8_CC_IRQHandler 00000022

Symbol: TIM8_CC_IRQHandler
   Definitions
      At line 375 in file src\startup_stm32f40xx.s
   Uses
      At line 133 in file src\startup_stm32f40xx.s
      At line 292 in file src\startup_stm32f40xx.s

TIM8_TRG_COM_TIM14_IRQHandler 00000022

Symbol: TIM8_TRG_COM_TIM14_IRQHandler
   Definitions
      At line 374 in file src\startup_stm32f40xx.s
   Uses
      At line 132 in file src\startup_stm32f40xx.s
      At line 291 in file src\startup_stm32f40xx.s

TIM8_UP_TIM13_IRQHandler 00000022

Symbol: TIM8_UP_TIM13_IRQHandler
   Definitions



ARM Macro Assembler    Page 14 Alphabetic symbol ordering
Relocatable symbols

      At line 373 in file src\startup_stm32f40xx.s
   Uses
      At line 131 in file src\startup_stm32f40xx.s
      At line 290 in file src\startup_stm32f40xx.s

UART4_IRQHandler 00000022

Symbol: UART4_IRQHandler
   Definitions
      At line 381 in file src\startup_stm32f40xx.s
   Uses
      At line 139 in file src\startup_stm32f40xx.s
      At line 298 in file src\startup_stm32f40xx.s

UART5_IRQHandler 00000022

Symbol: UART5_IRQHandler
   Definitions
      At line 382 in file src\startup_stm32f40xx.s
   Uses
      At line 140 in file src\startup_stm32f40xx.s
      At line 299 in file src\startup_stm32f40xx.s

USART1_IRQHandler 00000022

Symbol: USART1_IRQHandler
   Definitions
      At line 366 in file src\startup_stm32f40xx.s
   Uses
      At line 124 in file src\startup_stm32f40xx.s
      At line 283 in file src\startup_stm32f40xx.s

USART2_IRQHandler 00000022

Symbol: USART2_IRQHandler
   Definitions
      At line 367 in file src\startup_stm32f40xx.s
   Uses
      At line 125 in file src\startup_stm32f40xx.s
      At line 284 in file src\startup_stm32f40xx.s

USART3_IRQHandler 00000022

Symbol: USART3_IRQHandler
   Definitions
      At line 368 in file src\startup_stm32f40xx.s
   Uses
      At line 126 in file src\startup_stm32f40xx.s
      At line 285 in file src\startup_stm32f40xx.s

USART6_IRQHandler 00000022

Symbol: USART6_IRQHandler
   Definitions
      At line 400 in file src\startup_stm32f40xx.s
   Uses
      At line 158 in file src\startup_stm32f40xx.s
      At line 317 in file src\startup_stm32f40xx.s




ARM Macro Assembler    Page 15 Alphabetic symbol ordering
Relocatable symbols

UsageFault_Handler 00000018

Symbol: UsageFault_Handler
   Definitions
      At line 222 in file src\startup_stm32f40xx.s
   Uses
      At line 75 in file src\startup_stm32f40xx.s
      At line 223 in file src\startup_stm32f40xx.s

WWDG_IRQHandler 00000022

Symbol: WWDG_IRQHandler
   Definitions
      At line 329 in file src\startup_stm32f40xx.s
   Uses
      At line 87 in file src\startup_stm32f40xx.s
      At line 246 in file src\startup_stm32f40xx.s

__user_initial_stackheap 00000024

Symbol: __user_initial_stackheap
   Definitions
      At line 432 in file src\startup_stm32f40xx.s
   Uses
      At line 430 in file src\startup_stm32f40xx.s
Comment: __user_initial_stackheap used once
95 symbols



ARM Macro Assembler    Page 1 Alphabetic symbol ordering
Absolute symbols

Heap_Size 00000200

Symbol: Heap_Size
   Definitions
      At line 52 in file src\startup_stm32f40xx.s
   Uses
      At line 56 in file src\startup_stm32f40xx.s
      At line 436 in file src\startup_stm32f40xx.s

Stack_Size 00000400

Symbol: Stack_Size
   Definitions
      At line 41 in file src\startup_stm32f40xx.s
   Uses
      At line 44 in file src\startup_stm32f40xx.s
      At line 435 in file src\startup_stm32f40xx.s

__Vectors_Size 00000188

Symbol: __Vectors_Size
   Definitions
      At line 172 in file src\startup_stm32f40xx.s
   Uses
      At line 67 in file src\startup_stm32f40xx.s
Comment: __Vectors_Size used once
3 symbols



ARM Macro Assembler    Page 1 Alphabetic symbol ordering
External symbols

__use_two_region_memory 00000000

Symbol: __use_two_region_memory
   Definitions
      At line 429 in file src\startup_stm32f40xx.s
   Uses
      None
Comment: __use_two_region_memory unused
main 00000000

Symbol: main
   Definitions
      At line 191 in file src\startup_stm32f40xx.s
   Uses
      At line 195 in file src\startup_stm32f40xx.s
Comment: main used once
2 symbols
446 symbols in table
